# JRE version: Java(TM) SE Runtime Environment (8.0_11-b12) (build 1.8.0_11-b12)
# Java VM: Java HotSpot(TM) 64-Bit Server VM (25.11-b03 mixed mode windows-amd64 compressed oops)
Heap:
 PSYoungGen      total 13312K, used 2752K [0x00000000eab00000, 0x00000000ebc80000, 0x0000000100000000)
  eden space 8704K, 30% used [0x00000000eab00000,0x00000000ead980d0,0x00000000eb380000)
  from space 4608K, 2% used [0x00000000eb380000,0x00000000eb398000,0x00000000eb800000)
  to   space 4608K, 0% used [0x00000000eb800000,0x00000000eb800000,0x00000000ebc80000)
 ParOldGen       total 129536K, used 46742K [0x00000000c0000000, 0x00000000c7e80000, 0x00000000eab00000)
  object space 129536K, 36% used [0x00000000c0000000,0x00000000c2da5bb8,0x00000000c7e80000)
 Metaspace       used 7201K, capacity 7608K, committed 7808K, reserved 1056768K
  class space    used 773K, capacity 816K, committed 896K, reserved 1048576K
GC Heap History (10 events):
Event: 0.380 GC heap before
{Heap before GC invocations=12 (full 0):
 PSYoungGen      total 7168K, used 5847K [0x00000000eab00000, 0x00000000eb780000, 0x0000000100000000)
  eden space 4608K, 97% used [0x00000000eab00000,0x00000000eaf5e280,0x00000000eaf80000)
  from space 2560K, 53% used [0x00000000eaf80000,0x00000000eb0d7d60,0x00000000eb200000)
  to   space 2560K, 0% used [0x00000000eb500000,0x00000000eb500000,0x00000000eb780000)
 ParOldGen       total 129536K, used 3492K [0x00000000c0000000, 0x00000000c7e80000, 0x00000000eab00000)
  object space 129536K, 2% used [0x00000000c0000000,0x00000000c03691d8,0x00000000c7e80000)
 Metaspace       used 5432K, capacity 6640K, committed 6784K, reserved 1056768K
  class space    used 577K, capacity 616K, committed 640K, reserved 1048576K
Event: 0.381 GC heap after
Heap after GC invocations=12 (full 0):
 PSYoungGen      total 10240K, used 1492K [0x00000000eab00000, 0x00000000eb780000, 0x0000000100000000)
  eden space 7680K, 0% used [0x00000000eab00000,0x00000000eab00000,0x00000000eb280000)
  from space 2560K, 58% used [0x00000000eb500000,0x00000000eb6752b0,0x00000000eb780000)
  to   space 2560K, 0% used [0x00000000eb280000,0x00000000eb280000,0x00000000eb500000)
 ParOldGen       total 129536K, used 4327K [0x00000000c0000000, 0x00000000c7e80000, 0x00000000eab00000)
  object space 129536K, 3% used [0x00000000c0000000,0x00000000c0439e90,0x00000000c7e80000)
 Metaspace       used 5432K, capacity 6640K, committed 6784K, reserved 1056768K
  class space    used 577K, capacity 616K, committed 640K, reserved 1048576K
}
Event: 0.559 GC heap before
{Heap before GC invocations=13 (full 0):
 PSYoungGen      total 10240K, used 9172K [0x00000000eab00000, 0x00000000eb780000, 0x0000000100000000)
  eden space 7680K, 100% used [0x00000000eab00000,0x00000000eb280000,0x00000000eb280000)
  from space 2560K, 58% used [0x00000000eb500000,0x00000000eb6752b0,0x00000000eb780000)
  to   space 2560K, 0% used [0x00000000eb280000,0x00000000eb280000,0x00000000eb500000)
 ParOldGen       total 129536K, used 4327K [0x00000000c0000000, 0x00000000c7e80000, 0x00000000eab00000)
  object space 129536K, 3% used [0x00000000c0000000,0x00000000c0439e90,0x00000000c7e80000)
 Metaspace       used 7087K, capacity 7544K, committed 7808K, reserved 1056768K
  class space    used 772K, capacity 816K, committed 896K, reserved 1048576K
Event: 0.561 GC heap after
Heap after GC invocations=13 (full 0):
 PSYoungGen      total 10240K, used 2557K [0x00000000eab00000, 0x00000000eb780000, 0x0000000100000000)
  eden space 7680K, 0% used [0x00000000eab00000,0x00000000eab00000,0x00000000eb280000)
  from space 2560K, 99% used [0x00000000eb280000,0x00000000eb4ff7d8,0x00000000eb500000)
  to   space 2560K, 0% used [0x00000000eb500000,0x00000000eb500000,0x00000000eb780000)
 ParOldGen       total 129536K, used 7397K [0x00000000c0000000, 0x00000000c7e80000, 0x00000000eab00000)
  object space 129536K, 5% used [0x00000000c0000000,0x00000000c0739660,0x00000000c7e80000)
 Metaspace       used 7087K, capacity 7544K, committed 7808K, reserved 1056768K
  class space    used 772K, capacity 816K, committed 896K, reserved 1048576K
}
Event: 0.612 GC heap before
{Heap before GC invocations=14 (full 0):
 PSYoungGen      total 10240K, used 10237K [0x00000000eab00000, 0x00000000eb780000, 0x0000000100000000)
  eden space 7680K, 100% used [0x00000000eab00000,0x00000000eb280000,0x00000000eb280000)
  from space 2560K, 99% used [0x00000000eb280000,0x00000000eb4ff7d8,0x00000000eb500000)
  to   space 2560K, 0% used [0x00000000eb500000,0x00000000eb500000,0x00000000eb780000)
 ParOldGen       total 129536K, used 7397K [0x00000000c0000000, 0x00000000c7e80000, 0x00000000eab00000)
  object space 129536K, 5% used [0x00000000c0000000,0x00000000c0739660,0x00000000c7e80000)
 Metaspace       used 7151K, capacity 7608K, committed 7808K, reserved 1056768K
  class space    used 772K, capacity 816K, committed 896K, reserved 1048576K
Event: 0.614 GC heap after
Heap after GC invocations=14 (full 0):
 PSYoungGen      total 8704K, used 2224K [0x00000000eab00000, 0x00000000ebf00000, 0x0000000100000000)
  eden space 6144K, 0% used [0x00000000eab00000,0x00000000eab00000,0x00000000eb100000)
  from space 2560K, 86% used [0x00000000eb500000,0x00000000eb72c270,0x00000000eb780000)
  to   space 4096K, 0% used [0x00000000eb100000,0x00000000eb100000,0x00000000eb500000)
 ParOldGen       total 129536K, used 13845K [0x00000000c0000000, 0x00000000c7e80000, 0x00000000eab00000)
  object space 129536K, 10% used [0x00000000c0000000,0x00000000c0d854f0,0x00000000c7e80000)
 Metaspace       used 7151K, capacity 7608K, committed 7808K, reserved 1056768K
  class space    used 772K, capacity 816K, committed 896K, reserved 1048576K
}
Event: 0.647 GC heap before
{Heap before GC invocations=15 (full 0):
 PSYoungGen      total 8704K, used 8368K [0x00000000eab00000, 0x00000000ebf00000, 0x0000000100000000)
  eden space 6144K, 100% used [0x00000000eab00000,0x00000000eb100000,0x00000000eb100000)
  from space 2560K, 86% used [0x00000000eb500000,0x00000000eb72c270,0x00000000eb780000)
  to   space 4096K, 0% used [0x00000000eb100000,0x00000000eb100000,0x00000000eb500000)
 ParOldGen       total 129536K, used 13845K [0x00000000c0000000, 0x00000000c7e80000, 0x00000000eab00000)
  object space 129536K, 10% used [0x00000000c0000000,0x00000000c0d854f0,0x00000000c7e80000)
 Metaspace       used 7173K, capacity 7608K, committed 7808K, reserved 1056768K
  class space    used 772K, capacity 816K, committed 896K, reserved 1048576K
Event: 0.653 GC heap after
Heap after GC invocations=15 (full 0):
 PSYoungGen      total 10240K, used 288K [0x00000000eab00000, 0x00000000ebd00000, 0x0000000100000000)
  eden space 6144K, 0% used [0x00000000eab00000,0x00000000eab00000,0x00000000eb100000)
  from space 4096K, 7% used [0x00000000eb100000,0x00000000eb148000,0x00000000eb500000)
  to   space 4096K, 0% used [0x00000000eb900000,0x00000000eb900000,0x00000000ebd00000)
 ParOldGen       total 129536K, used 23551K [0x00000000c0000000, 0x00000000c7e80000, 0x00000000eab00000)
  object space 129536K, 18% used [0x00000000c0000000,0x00000000c16ffc38,0x00000000c7e80000)
 Metaspace       used 7173K, capacity 7608K, committed 7808K, reserved 1056768K
  class space    used 772K, capacity 816K, committed 896K, reserved 1048576K
}
Event: 0.674 GC heap before
{Heap before GC invocations=16 (full 0):
 PSYoungGen      total 10240K, used 6432K [0x00000000eab00000, 0x00000000ebd00000, 0x0000000100000000)
  eden space 6144K, 100% used [0x00000000eab00000,0x00000000eb100000,0x00000000eb100000)
  from space 4096K, 7% used [0x00000000eb100000,0x00000000eb148000,0x00000000eb500000)
  to   space 4096K, 0% used [0x00000000eb900000,0x00000000eb900000,0x00000000ebd00000)
 ParOldGen       total 129536K, used 23551K [0x00000000c0000000, 0x00000000c7e80000, 0x00000000eab00000)
  object space 129536K, 18% used [0x00000000c0000000,0x00000000c16ffc38,0x00000000c7e80000)
 Metaspace       used 7177K, capacity 7608K, committed 7808K, reserved 1056768K
  class space    used 773K, capacity 816K, committed 896K, reserved 1048576K
Event: 0.684 GC heap after
Heap after GC invocations=16 (full 0):
 PSYoungGen      total 10240K, used 3774K [0x00000000eab00000, 0x00000000ebd00000, 0x0000000100000000)
  eden space 6144K, 0% used [0x00000000eab00000,0x00000000eab00000,0x00000000eb100000)
  from space 4096K, 92% used [0x00000000eb900000,0x00000000ebcafa00,0x00000000ebd00000)
  to   space 4096K, 0% used [0x00000000eb100000,0x00000000eb100000,0x00000000eb500000)
 ParOldGen       total 129536K, used 43708K [0x00000000c0000000, 0x00000000c7e80000, 0x00000000eab00000)
  object space 129536K, 33% used [0x00000000c0000000,0x00000000c2aaf0b8,0x00000000c7e80000)
 Metaspace       used 7177K, capacity 7608K, committed 7808K, reserved 1056768K
  class space    used 773K, capacity 816K, committed 896K, reserved 1048576K
}

